\BOOKMARK [1][-]{section*.1}{\376\377\000A\000b\000s\000t\000r\000a\000c\000t}{}% 1
\BOOKMARK [1][-]{section*.2}{\376\377\000C\000h\000i\000l\000d\000r\000e\000n\000'\000s\000\040\000s\000o\000c\000i\000a\000l\000\040\000i\000n\000f\000o\000r\000m\000a\000t\000i\000o\000n\000-\000s\000e\000e\000k\000i\000n\000g\000\040\000a\000s\000\040\000a\000n\000\040\000i\000n\000d\000e\000x\000\040\000o\000f\000\040\000s\000e\000n\000s\000i\000t\000i\000v\000i\000t\000y\000\040\000t\000o\000\040\000g\000r\000a\000d\000e\000d\000\040\000u\000n\000c\000e\000r\000t\000a\000i\000n\000t\000y}{}% 2
\BOOKMARK [2][-]{section*.4}{\376\377\000U\000n\000c\000e\000r\000t\000a\000i\000n\000t\000y\000\040\000M\000o\000n\000i\000t\000o\000r\000i\000n\000g\000\040\000a\000n\000d\000\040\000A\000c\000t\000i\000v\000e\000\040\000L\000e\000a\000r\000n\000i\000n\000g\000\040\000i\000n\000\040\000E\000a\000r\000l\000y\000\040\000C\000h\000i\000l\000d\000h\000o\000o\000d}{section*.2}% 3
\BOOKMARK [2][-]{section*.5}{\376\377\000C\000h\000i\000l\000d\000r\000e\000n\000'\000s\000\040\000S\000p\000o\000n\000t\000a\000n\000e\000o\000u\000s\000\040\000I\000n\000f\000o\000r\000m\000a\000t\000i\000o\000n\000-\000S\000e\000e\000k\000i\000n\000g\000\040\000B\000e\000h\000a\000v\000i\000o\000r\000s}{section*.2}% 4
\BOOKMARK [2][-]{section*.6}{\376\377\000C\000h\000i\000l\000d\000r\000e\000n\000'\000s\000\040\000S\000o\000c\000i\000a\000l\000\040\000R\000e\000f\000e\000r\000e\000n\000c\000i\000n\000g\000\040\000a\000n\000d\000\040\000S\000o\000c\000i\000a\000l\000-\000I\000n\000f\000o\000r\000m\000a\000t\000i\000o\000n\000\040\000G\000a\000t\000h\000e\000r\000i\000n\000g}{section*.2}% 5
\BOOKMARK [2][-]{section*.7}{\376\377\000S\000e\000l\000e\000c\000t\000i\000v\000e\000\040\000t\000r\000u\000s\000t\000\040\000i\000n\000\040\000t\000e\000s\000t\000i\000m\000o\000n\000y}{section*.2}% 6
\BOOKMARK [2][-]{section*.8}{\376\377\000S\000e\000l\000e\000c\000t\000i\000v\000e\000\040\000s\000o\000c\000i\000a\000l\000\040\000l\000e\000a\000r\000n\000i\000n\000g\000\040\000o\000n\000\040\000t\000h\000e\000\040\000b\000a\000s\000i\000s\000\040\000o\000f\000\040\000u\000n\000c\000e\000r\000t\000a\000i\000n\000t\000y}{section*.2}% 7
\BOOKMARK [2][-]{section*.9}{\376\377\000S\000e\000n\000s\000i\000t\000i\000v\000i\000t\000y\000\040\000t\000o\000\040\000G\000r\000a\000d\000e\000d\000\040\000U\000n\000c\000e\000r\000t\000a\000i\000n\000t\000y}{section*.2}% 8
\BOOKMARK [2][-]{section*.10}{\376\377\000C\000u\000r\000r\000e\000n\000t\000\040\000S\000t\000u\000d\000y}{section*.2}% 9
\BOOKMARK [1][-]{section*.11}{\376\377\000M\000e\000t\000h\000o\000d\000s}{}% 10
\BOOKMARK [2][-]{section*.12}{\376\377\000P\000i\000l\000o\000t\000\040\000T\000e\000s\000t\000i\000n\000g}{section*.11}% 11
\BOOKMARK [2][-]{section*.13}{\376\377\000P\000a\000r\000t\000i\000c\000i\000p\000a\000n\000t\000s}{section*.11}% 12
\BOOKMARK [2][-]{section*.14}{\376\377\000S\000t\000i\000m\000u\000l\000i\000,\000\040\000D\000e\000s\000i\000g\000n\000\040\000a\000n\000d\000\040\000P\000r\000o\000c\000e\000d\000u\000r\000e}{section*.11}% 13
\BOOKMARK [3][-]{section*.16}{\376\377\000a\000\051\000\040\000S\000t\000i\000m\000u\000l\000i\000.}{section*.14}% 14
\BOOKMARK [3][-]{figure.caption.18}{\376\377\000b\000\051\000\040\000E\000x\000p\000e\000r\000i\000m\000e\000n\000t\000a\000l\000\040\000S\000e\000t\000u\000p\000\040\000a\000n\000d\000\040\000E\000y\000e\000-\000t\000r\000a\000c\000k\000i\000n\000g\000\040\000M\000e\000c\000h\000a\000n\000i\000s\000m\000.}{section*.14}% 15
\BOOKMARK [3][-]{section*.20}{\376\377\000c\000\051\000\040\000C\000a\000l\000i\000b\000r\000a\000t\000i\000o\000n\000.}{section*.14}% 16
\BOOKMARK [3][-]{section*.21}{\376\377\000d\000\051\000\040\000P\000r\000o\000c\000e\000d\000u\000r\000e\000.}{section*.14}% 17
\BOOKMARK [3][-]{section*.22}{\376\377\000A\000n\000a\000l\000y\000s\000i\000s}{section*.14}% 18
\BOOKMARK [1][-]{section*.23}{\376\377\000R\000e\000s\000u\000l\000t\000s}{}% 19
\BOOKMARK [2][-]{section*.24}{\376\377\000P\000r\000o\000c\000e\000d\000u\000r\000a\000l\000\040\000a\000n\000d\000\040\000M\000a\000n\000i\000p\000u\000l\000a\000t\000i\000o\000n\000\040\000c\000h\000e\000c\000k\000s}{section*.23}% 20
\BOOKMARK [2][-]{section*.30}{\376\377\000R\000e\000s\000p\000o\000n\000s\000e\000\040\000L\000a\000t\000e\000n\000c\000i\000e\000s}{section*.23}% 21
\BOOKMARK [2][-]{section*.32}{\376\377\000P\000r\000o\000p\000o\000r\000t\000i\000o\000n\000\040\000o\000f\000\040\000T\000r\000i\000a\000l\000\040\000L\000o\000o\000k\000i\000n\000g\000\040\000b\000y\000\040\000M\000o\000r\000p\000h}{section*.23}% 22
\BOOKMARK [3][-]{figure.caption.37}{\376\377\000N\000a\000r\000r\000o\000w\000i\000n\000g\000\040\000t\000h\000e\000\040\000A\000r\000e\000a\000\040\000o\000f\000\040\000I\000n\000t\000e\000r\000e\000s\000t}{section*.32}% 23
\BOOKMARK [2][-]{section*.39}{\376\377\000P\000r\000o\000p\000o\000r\000t\000i\000o\000n\000\040\000o\000f\000\040\000T\000r\000i\000a\000l\000\040\000L\000o\000o\000k\000i\000n\000g\000\040\000b\000y\000\040\000T\000a\000s\000k\000\040\000A\000c\000c\000u\000r\000a\000c\000y}{section*.23}% 24
\BOOKMARK [1][-]{section*.42}{\376\377\000D\000i\000s\000c\000u\000s\000s\000i\000o\000n}{}% 25
\BOOKMARK [2][-]{section*.43}{\376\377\000L\000i\000m\000i\000t\000a\000t\000i\000o\000n\000s}{section*.42}% 26
\BOOKMARK [2][-]{section*.44}{\376\377\000C\000o\000n\000c\000l\000u\000s\000i\000o\000n\000\040\000a\000n\000d\000\040\000F\000u\000t\000u\000r\000e\000\040\000W\000o\000r\000k}{section*.42}% 27
\BOOKMARK [1][-]{section*.45}{\376\377\000A\000c\000k\000n\000o\000w\000l\000e\000d\000g\000e\000m\000e\000n\000t\000s}{}% 28
\BOOKMARK [1][-]{section*.46}{\376\377\000R\000e\000f\000e\000r\000e\000n\000c\000e\000s}{}% 29
